<?xml version="1.0" encoding="UTF-8"?>
<!-- Generated by org.testng.reporters.JUnitXMLReporter -->
<testsuite ignored="0" hostname="VAIBHYAD01" failures="0" tests="2" name="Error Validation Test" time="17.095" errors="0" timestamp="2025-02-16T19:20:50 IST">
  <testcase classname="JavaSelenium.test.ErrorValidationTest" name="loginErrorValidation" time="0.988"/>
  <testcase classname="JavaSelenium.test.ErrorValidationTest" name="productValidationError" time="2.819"/>
</testsuite> <!-- Error Validation Test -->
