<?xml version="1.0" encoding="UTF-8"?>
<testng-results ignored="0" total="2" passed="2" failed="0" skipped="0">
  <reporter-output>
  </reporter-output>
  <suite started-at="2025-02-16T19:20:32 IST" name="Suite" finished-at="2025-02-16T19:20:50 IST" duration-ms="17492">
    <groups>
      <group name="ErrorHandling">
        <method signature="ErrorValidationTest.loginErrorValidation()[pri:0, instance:JavaSelenium.test.ErrorValidationTest@5023bb8b]" name="loginErrorValidation" class="JavaSelenium.test.ErrorValidationTest"/>
        <method signature="ErrorValidationTest.productValidationError()[pri:0, instance:JavaSelenium.test.ErrorValidationTest@5023bb8b]" name="productValidationError" class="JavaSelenium.test.ErrorValidationTest"/>
      </group> <!-- ErrorHandling -->
    </groups>
    <test started-at="2025-02-16T19:20:32 IST" name="Submit order Test" finished-at="2025-02-16T19:20:32 IST" duration-ms="12">
    </test> <!-- Submit order Test -->
    <test started-at="2025-02-16T19:20:33 IST" name="Error Validation Test" finished-at="2025-02-16T19:20:50 IST" duration-ms="17095">
      <class name="JavaSelenium.test.ErrorValidationTest">
        <test-method is-config="true" signature="launchApplication()[pri:0, instance:JavaSelenium.test.ErrorValidationTest@5023bb8b]" started-at="2025-02-16T19:20:33 IST" name="launchApplication" finished-at="2025-02-16T19:20:40 IST" duration-ms="6730" status="PASS">
          <reporter-output>
          </reporter-output>
        </test-method> <!-- launchApplication -->
        <test-method signature="loginErrorValidation()[pri:0, instance:JavaSelenium.test.ErrorValidationTest@5023bb8b]" started-at="2025-02-16T19:20:40 IST" name="loginErrorValidation" finished-at="2025-02-16T19:20:40 IST" duration-ms="988" status="PASS">
          <reporter-output>
          </reporter-output>
        </test-method> <!-- loginErrorValidation -->
        <test-method is-config="true" signature="closeBrowser()[pri:0, instance:JavaSelenium.test.ErrorValidationTest@5023bb8b]" started-at="2025-02-16T19:20:41 IST" name="closeBrowser" finished-at="2025-02-16T19:20:41 IST" duration-ms="100" status="PASS">
          <reporter-output>
          </reporter-output>
        </test-method> <!-- closeBrowser -->
        <test-method is-config="true" signature="launchApplication()[pri:0, instance:JavaSelenium.test.ErrorValidationTest@5023bb8b]" started-at="2025-02-16T19:20:41 IST" name="launchApplication" finished-at="2025-02-16T19:20:47 IST" duration-ms="6325" status="PASS">
          <reporter-output>
          </reporter-output>
        </test-method> <!-- launchApplication -->
        <test-method signature="productValidationError()[pri:0, instance:JavaSelenium.test.ErrorValidationTest@5023bb8b]" started-at="2025-02-16T19:20:47 IST" name="productValidationError" finished-at="2025-02-16T19:20:50 IST" duration-ms="2819" status="PASS">
          <reporter-output>
          </reporter-output>
        </test-method> <!-- productValidationError -->
        <test-method is-config="true" signature="closeBrowser()[pri:0, instance:JavaSelenium.test.ErrorValidationTest@5023bb8b]" started-at="2025-02-16T19:20:50 IST" name="closeBrowser" finished-at="2025-02-16T19:20:50 IST" duration-ms="86" status="PASS">
          <reporter-output>
          </reporter-output>
        </test-method> <!-- closeBrowser -->
      </class> <!-- JavaSelenium.test.ErrorValidationTest -->
    </test> <!-- Error Validation Test -->
  </suite> <!-- Suite -->
</testng-results>
